<?xml version="1.0" encoding="UTF-8"?>
<testsuite xmlns:xsi="http://www.w3.org/2001/XMLSchema-instance" xsi:noNamespaceSchemaLocation="https://maven.apache.org/surefire/maven-surefire-plugin/xsd/surefire-test-report-3.0.xsd" version="3.0" name="com.exos.camunda.CamundaSpringBootApp.ProcessUnitTest" time="2.741" tests="1" errors="0" skipped="0" failures="0">
  <properties>
[...]
</properties>
  <testcase name="testHappyPath" classname="com.exos.camunda.CamundaSpringBootApp.ProcessUnitTest" time="0.457">
    <system-out><![CDATA[16:23:33.500 [main] DEBUG org.camunda.bpm.engine.test - ==== BUILDING PROCESS ENGINE ========================================================================
16:23:33.712 [main] INFO  org.camunda.bpm.engine.cfg - ENGINE-12003 Plugin 'SpinProcessEnginePlugin' activated on process engine 'default'
16:23:33.716 [main] INFO  org.camunda.spin - SPIN-01010 Discovered Spin data format provider: org.camunda.spin.impl.json.jackson.format.JacksonJsonDataFormatProvider[name = application/json]
16:23:33.819 [main] INFO  org.camunda.spin - SPIN-01010 Discovered Spin data format provider: org.camunda.spin.impl.xml.dom.format.DomXmlDataFormatProvider[name = application/xml]
16:23:33.877 [main] INFO  org.camunda.spin - SPIN-01009 Discovered Spin data format: org.camunda.spin.impl.xml.dom.format.DomXmlDataFormat[name = application/xml]
16:23:33.877 [main] INFO  org.camunda.spin - SPIN-01009 Discovered Spin data format: org.camunda.spin.impl.json.jackson.format.JacksonJsonDataFormat[name = application/json]
16:23:33.931 [main] INFO  org.camunda.bpm.dmn.feel.scala - FEEL/SCALA-01001 Spin value mapper detected
16:23:33.985 [main] INFO  org.camunda.feel.FeelEngine - Engine created. [value-mapper: CompositeValueMapper(List(org.camunda.feel.impl.JavaValueMapper@191a709b, org.camunda.spin.plugin.impl.feel.integration.SpinValueMapper@77c7ed8e)), function-provider: org.camunda.bpm.dmn.feel.impl.scala.function.CustomFunctionTransformer@57a48985, clock: SystemClock, configuration: Configuration(false)]
16:23:35.503 [main] INFO  org.camunda.bpm.connect - CNCT-01004 Discovered provider for connector id 'http-connector' and class 'org.camunda.connect.httpclient.impl.HttpConnectorImpl': 'org.camunda.connect.httpclient.impl.HttpConnectorProviderImpl'
16:23:35.504 [main] INFO  org.camunda.bpm.connect - CNCT-01004 Discovered provider for connector id 'soap-http-connector' and class 'org.camunda.connect.httpclient.soap.impl.SoapHttpConnectorImpl': 'org.camunda.connect.httpclient.soap.impl.SoapHttpConnectorProviderImpl'
16:23:35.643 [main] INFO  org.camunda.bpm.engine.persistence - ENGINE-03016 Performing database operation 'create' on component 'engine' with resource 'org/camunda/bpm/engine/db/create/activiti.h2.create.engine.sql'
16:23:35.677 [main] INFO  org.camunda.bpm.engine.persistence - ENGINE-03016 Performing database operation 'create' on component 'history' with resource 'org/camunda/bpm/engine/db/create/activiti.h2.create.history.sql'
16:23:35.686 [main] INFO  org.camunda.bpm.engine.persistence - ENGINE-03016 Performing database operation 'create' on component 'identity' with resource 'org/camunda/bpm/engine/db/create/activiti.h2.create.identity.sql'
16:23:35.696 [main] INFO  org.camunda.bpm.engine.persistence - ENGINE-03016 Performing database operation 'create' on component 'case.engine' with resource 'org/camunda/bpm/engine/db/create/activiti.h2.create.case.engine.sql'
16:23:35.700 [main] INFO  org.camunda.bpm.engine.persistence - ENGINE-03016 Performing database operation 'create' on component 'case.history' with resource 'org/camunda/bpm/engine/db/create/activiti.h2.create.case.history.sql'
16:23:35.703 [main] INFO  org.camunda.bpm.engine.persistence - ENGINE-03016 Performing database operation 'create' on component 'decision.engine' with resource 'org/camunda/bpm/engine/db/create/activiti.h2.create.decision.engine.sql'
16:23:35.708 [main] INFO  org.camunda.bpm.engine.persistence - ENGINE-03016 Performing database operation 'create' on component 'decision.history' with resource 'org/camunda/bpm/engine/db/create/activiti.h2.create.decision.history.sql'
16:23:35.726 [main] INFO  org.camunda.bpm.engine.persistence - ENGINE-03067 No history level property found in database
16:23:35.726 [main] INFO  org.camunda.bpm.engine.persistence - ENGINE-03065 Creating historyLevel property in database for level: HistoryLevelFull(name=full, id=3)
16:23:35.741 [main] INFO  org.camunda.bpm.engine - ENGINE-00001 Process Engine default created.
16:23:35.742 [main] DEBUG org.camunda.bpm.engine.test - ==== PROCESS ENGINE CREATED =========================================================================
16:23:35.752 [main] INFO  o.c.b.e.j.t.ProcessEngineExtension - annotation @Deployment creates deployment for com.exos.camunda.CamundaSpringBootApp.ProcessUnitTest.testHappyPath
16:23:36.169 [main] INFO  o.c.c.p.j.p.ProcessEngineCoverageExtension - testHappyPath test method coverage is 0.8181818181818182
16:23:36.169 [main] INFO  o.c.b.e.j.t.ProcessEngineExtension - annotation @Deployment deletes deployment for com.exos.camunda.CamundaSpringBootApp.ProcessUnitTest.testHappyPath
]]></system-out>
    <system-err><![CDATA[Aug 09, 2023 4:23:36 PM com.exos.camunda.CamundaSpringBootApp.LoggerDelegate execute
INFO: 

  ... LoggerDelegate invoked by activityName='Print the Complain', activityId=Activity_0awjpx1, processDefinitionId=CamundaSpringBootApp:1:3, processInstanceId=4, businessKey=null, executionId=4, variables={
  name => Value 'Niall' of type 'PrimitiveValueType[string]', isTransient=false
  weatherOk => Value 'false' of type 'PrimitiveValueType[boolean]', isTransient=false
} 


]]></system-err>
  </testcase>
</testsuite>